  main.cpp
C:\Users\Jens Krüger\Documents\GitHub\CG\02_Intersect\main.cpp(49,61): warning C4244: "Argument": Konvertierung von "uint32_t" in "const T", möglicher Datenverlust
          with
          [
              T=float
          ]
C:\Users\Jens Krüger\Documents\GitHub\CG\02_Intersect\main.cpp(50,65): warning C4244: "Argument": Konvertierung von "uint32_t" in "const T", möglicher Datenverlust
          with
          [
              T=float
          ]
C:\Users\Jens Krüger\Documents\GitHub\CG\02_Intersect\main.cpp(54,57): warning C4244: "Argument": Konvertierung von "uint32_t" in "const T", möglicher Datenverlust
          with
          [
              T=float
          ]
C:\Users\Jens Krüger\Documents\GitHub\CG\02_Intersect\main.cpp(54,68): warning C4244: "Argument": Konvertierung von "uint32_t" in "const T", möglicher Datenverlust
          with
          [
              T=float
          ]
     Bibliothek "C:\Users\Jens Krüger\Documents\GitHub\CG\02_Intersect\VS\bin\x64-Debug\Intersect.lib" und Objekt "C:\Users\Jens Krüger\Documents\GitHub\CG\02_Intersect\VS\bin\x64-Debug\Intersect.exp" werden erstellt.
LINK : warning LNK4098: Standardbibliothek "LIBCMT" steht in Konflikt mit anderen Bibliotheken; /NODEFAULTLIB:Bibliothek verwenden.
LINK : warning LNK4098: Standardbibliothek "MSVCRT" steht in Konflikt mit anderen Bibliotheken; /NODEFAULTLIB:Bibliothek verwenden.
utils.lib(glew.obj) : warning LNK4099: PDB "vc120.pdb" wurde nicht mit "utils.lib(glew.obj)" oder an "C:\Users\Jens Krüger\Documents\GitHub\CG\02_Intersect\VS\bin\x64-Debug\vc120.pdb" gefunden; Objekt wird verknüpft, als ob keine Debuginformationen vorhanden wären.
  Intersect.vcxproj -> C:\Users\Jens Krüger\Documents\GitHub\CG\02_Intersect\VS\bin\x64-Debug\Intersect.exe
  Datei *.bmp nicht gefunden
  0 Datei(en) kopiert
  Datei *.glsl nicht gefunden
  0 Datei(en) kopiert
  Datei *.bmp nicht gefunden
  0 Datei(en) kopiert
  Datei *.glsl nicht gefunden
  0 Datei(en) kopiert
